[2024-07-25 10:02:08,662: INFO: common: yaml file: config\config.yaml loaded successfully]
[2024-07-25 10:02:08,664: INFO: common: yaml file: params.yaml loaded successfully]
[2024-07-25 10:02:08,666: INFO: common: yaml file: schema.yaml loaded successfully]
[2024-07-25 10:02:08,668: INFO: common: Created Directory at:artifacts]
[2024-07-25 10:02:08,670: INFO: common: Created Directory at:artifacts/data_ingestion]
[2024-07-25 10:02:08,671: INFO: 2274507667: File already exists of size: ~ 23 KB]
[2024-07-25 10:08:19,064: INFO: common: yaml file: config\config.yaml loaded successfully]
[2024-07-25 10:08:19,067: INFO: common: yaml file: params.yaml loaded successfully]
[2024-07-25 10:08:19,069: INFO: common: yaml file: schema.yaml loaded successfully]
[2024-07-25 10:08:19,080: INFO: common: Created Directory at:artifacts]
[2024-07-25 10:08:19,082: INFO: common: Created Directory at:artifacts/data_ingestion]
[2024-07-25 10:09:13,726: INFO: common: yaml file: config\config.yaml loaded successfully]
[2024-07-25 10:09:13,728: INFO: common: yaml file: params.yaml loaded successfully]
[2024-07-25 10:09:13,730: INFO: common: yaml file: schema.yaml loaded successfully]
[2024-07-25 10:09:13,732: INFO: common: Created Directory at:artifacts]
[2024-07-25 10:09:13,733: INFO: common: Created Directory at:artifacts/data_ingestion]
[2024-07-25 10:09:51,907: INFO: common: yaml file: config\config.yaml loaded successfully]
[2024-07-25 10:09:51,909: INFO: common: yaml file: params.yaml loaded successfully]
[2024-07-25 10:09:51,911: INFO: common: yaml file: schema.yaml loaded successfully]
[2024-07-25 10:09:51,912: INFO: common: Created Directory at:artifacts]
[2024-07-25 10:09:51,914: INFO: common: Created Directory at:artifacts/data_ingestion]
[2024-07-25 10:10:52,710: INFO: common: yaml file: config\config.yaml loaded successfully]
[2024-07-25 10:10:52,712: INFO: common: yaml file: params.yaml loaded successfully]
[2024-07-25 10:10:52,714: INFO: common: yaml file: schema.yaml loaded successfully]
[2024-07-25 10:10:52,716: INFO: common: Created Directory at:artifacts]
[2024-07-25 10:10:52,717: INFO: common: Created Directory at:artifacts/data_ingestion]
[2024-07-25 10:10:52,718: INFO: 2274507667: File already exists of size: ~ 23 KB]
[2024-07-25 10:12:44,395: INFO: common: yaml file: config\config.yaml loaded successfully]
[2024-07-25 10:12:44,397: INFO: common: yaml file: params.yaml loaded successfully]
[2024-07-25 10:12:44,398: INFO: common: yaml file: schema.yaml loaded successfully]
[2024-07-25 10:12:44,400: INFO: common: Created Directory at:artifacts]
[2024-07-25 10:12:44,402: INFO: common: Created Directory at:artifacts/data_ingestion]
[2024-07-25 10:13:38,541: INFO: common: yaml file: config\config.yaml loaded successfully]
[2024-07-25 10:13:38,543: INFO: common: yaml file: params.yaml loaded successfully]
[2024-07-25 10:13:38,544: INFO: common: yaml file: schema.yaml loaded successfully]
[2024-07-25 10:13:38,546: INFO: common: Created Directory at:artifacts]
[2024-07-25 10:13:38,548: INFO: common: Created Directory at:artifacts/data_ingestion]
[2024-07-25 10:13:38,549: INFO: 2699686656: File already exists of size: ~ 23 KB]
